2025-08-05 14:35:49,160 - __main__ - ERROR - Analysis failed: [Errno 30] Read-only file system: '/app'
2025-08-05 14:36:55,595 - __main__ - INFO - Starting DriveLM analysis pipeline...
2025-08-05 14:36:55,596 - __main__ - INFO - Loading data...
2025-08-05 14:36:55,596 - analysis.data_loader - INFO - Loading data from data/raw
2025-08-05 14:36:55,597 - analysis.data_loader - INFO - Found 2 JSON files
2025-08-05 14:36:55,597 - analysis.data_loader - INFO - Loading concatenated_data.json
2025-08-05 14:36:55,905 - analysis.data_loader - INFO - Loading first_entry.json
2025-08-05 14:36:56,022 - analysis.data_loader - INFO - Loaded 6 scenes
2025-08-05 14:36:56,022 - __main__ - ERROR - Analysis failed: 'str' object has no attribute 'get'
2025-08-05 14:39:52,460 - __main__ - INFO - Starting DriveLM analysis pipeline...
2025-08-05 14:39:52,506 - __main__ - INFO - Loading data...
2025-08-05 14:39:52,507 - analysis.data_loader - INFO - Loading data from data/raw
2025-08-05 14:39:52,557 - analysis.data_loader - INFO - Found 2 JSON files
2025-08-05 14:39:52,596 - analysis.data_loader - INFO - Loading concatenated_data.json
2025-08-05 14:39:59,402 - analysis.data_loader - INFO - Loading first_entry.json
2025-08-05 14:39:59,796 - analysis.data_loader - INFO - Loaded 6 scenes
2025-08-05 14:39:59,926 - analysis.data_loader - INFO - Extracted 3770 questions
2025-08-05 14:39:59,974 - analysis.data_loader - INFO - Extracted 11317 objects
2025-08-05 14:39:59,975 - __main__ - INFO - Loaded 6 scenes, 3770 questions, 11317 objects
2025-08-05 14:39:59,975 - __main__ - INFO - Running question analysis...
2025-08-05 14:40:00,572 - __main__ - INFO - Running object analysis...
2025-08-05 14:40:01,116 - __main__ - INFO - Running spatial analysis...
2025-08-05 14:40:01,458 - __main__ - INFO - Running temporal analysis...
2025-08-05 14:40:01,498 - __main__ - INFO - Running safety analysis...
2025-08-05 14:40:01,772 - __main__ - INFO - Generating visualizations...
2025-08-05 14:40:01,772 - visualization.charts - INFO - Plotting question distribution...
2025-08-05 14:40:01,773 - visualization.charts - INFO - Question distribution data: {'other': 529, 'observation': 2015, 'prediction': 332, 'behavior': 160, 'planning': 734}
2025-08-05 14:40:01,773 - visualization.charts - INFO - Plotting object distribution...
2025-08-05 14:40:01,773 - visualization.charts - INFO - Object distribution data: {'human.pedestrian.adult': 2827, 'vehicle.car': 3938, 'movable_object.trafficcone': 1339, 'vehicle.bicycle': 163, 'movable_object.barrier': 1685, 'vehicle.truck': 420, 'vehicle.bus.rigid': 219, 'vehicle.construction': 196, 'movable_object.pushable_pullable': 22, 'vehicle.motorcycle': 193, 'human.pedestrian.construction_worker': 190, 'movable_object.debris': 13, 'vehicle.bus.bendy': 57, 'vehicle.trailer': 19, 'human.pedestrian.police_officer': 11, 'human.pedestrian.personal_mobility': 25}
2025-08-05 14:40:01,773 - visualization.charts - INFO - Plotting spatial heatmap...
2025-08-05 14:40:01,773 - visualization.charts - INFO - Spatial data: {'total_spatial_questions': 4797, 'spatial_distribution': {'back': 1323, 'right': 813, 'front': 2160, 'left': 501}, 'spatial_percentage': 127.24137931034483, 'sample_spatial_questions': [{'question': 'What are objects to the back of the ego car?', 'spatial_reference': 'back'}, {'question': 'What is the status of the pedestrians that are to the back of the ego car?', 'spatial_reference': 'back'}, {'question': 'What is the status of the cars that are to the back of the ego car?', 'spatial_reference': 'back'}, {'question': 'What is the status of the bicycle that is to the back of the ego car?', 'spatial_reference': 'back'}, {'question': 'What are objects to the back right of the ego car?', 'spatial_reference': 'back'}]}
2025-08-05 14:40:01,773 - visualization.charts - INFO - Plotting temporal patterns...
2025-08-05 14:40:01,773 - visualization.charts - INFO - Temporal data: {'total_temporal_questions': 4178, 'temporal_distribution': {'present': 3391, 'future': 610, 'sequence': 177}, 'temporal_percentage': 110.82228116710876, 'sample_temporal_questions': [{'question': 'What are objects to the back of the ego car?', 'temporal_reference': 'present'}, {'question': 'What is the status of the pedestrians that are to the back of the ego car?', 'temporal_reference': 'present'}, {'question': 'What is the status of the cars that are to the back of the ego car?', 'temporal_reference': 'present'}, {'question': 'What is the status of the bicycle that is to the back of the ego car?', 'temporal_reference': 'present'}, {'question': 'What are objects to the back right of the ego car?', 'temporal_reference': 'present'}]}
2025-08-05 14:40:01,773 - visualization.charts - INFO - Plotting safety analysis...
2025-08-05 14:40:01,773 - visualization.charts - INFO - Safety data: {'total_safety_questions': 2933, 'priority_distribution': {'low_priority': 1463, 'high_priority': 351, 'medium_priority': 1119}, 'safety_percentage': 77.79840848806366, 'high_priority_count': 351, 'medium_priority_count': 1119, 'low_priority_count': 1463, 'sample_safety_questions': [{'question': 'What is the status of the pedestrians that are to the back of the ego car?', 'priority': 'low_priority', 'safety_keyword': 'what is'}, {'question': 'What is the status of the cars that are to the back of the ego car?', 'priority': 'low_priority', 'safety_keyword': 'what is'}, {'question': 'What is the status of the bicycle that is to the back of the ego car?', 'priority': 'low_priority', 'safety_keyword': 'what is'}, {'question': 'What is the status of the pedestrians that are to the back right of the ego car?', 'priority': 'low_priority', 'safety_keyword': 'what is'}, {'question': 'What is the status of the truck that is to the front of the ego car?', 'priority': 'low_priority', 'safety_keyword': 'what is'}]}
2025-08-05 14:40:01,773 - __main__ - INFO - Generating analysis report...
2025-08-05 14:40:01,776 - __main__ - INFO - Analysis report generated: ./reports/analysis_report.md
2025-08-05 14:40:01,776 - __main__ - INFO - Creating interactive dashboard...
2025-08-05 14:40:01,776 - visualization.dashboard - INFO - Creating analysis dashboard...
2025-08-05 14:40:01,776 - visualization.dashboard - INFO - Dashboard data loaded successfully
2025-08-05 14:40:01,776 - __main__ - INFO - Analysis pipeline completed successfully!
2025-08-05 14:40:01,811 - __main__ - INFO - Analysis completed successfully!
2025-08-05 14:40:01,812 - __main__ - INFO - Results saved to: ./reports
2025-08-12 07:52:17.117 | INFO     | __main__:setup_logging:26 - Starting DriveLM Analysis Pipeline
2025-08-12 07:52:17.119 | INFO     | __main__:validate_data_path:97 - Using default data path: data/concatenated_data/concatenated_data.json
2025-08-12 07:52:17.120 | INFO     | analysis.main_analysis:run_complete_analysis:119 - Starting complete analysis pipeline...
2025-08-12 07:52:17.121 | INFO     | analysis.main_analysis:run_vehicle_analysis:36 - Running vehicle state analysis...
2025-08-12 07:52:17.121 | INFO     | analysis.main_analysis:run_question_analysis:47 - Running question distribution analysis...
2025-08-12 07:52:17.121 | INFO     | analysis.main_analysis:run_object_analysis:58 - Running object distribution analysis...
2025-08-12 07:52:17.121 | INFO     | analysis.main_analysis:run_scenario_analysis:69 - Running scenario analysis...
2025-08-12 07:52:17.122 | INFO     | analysis.main_analysis:run_pattern_analysis:80 - Running pattern analysis...
2025-08-12 07:52:17.122 | INFO     | analysis.main_analysis:generate_dashboard:94 - Generating dashboard...
2025-08-12 07:52:17.122 | INFO     | analysis.main_analysis:generate_markdown_report:108 - Generating markdown report...
2025-08-12 07:52:17.123 | INFO     | __main__:main:162 - Analysis completed successfully
2025-08-12 07:54:00.217 | INFO     | __main__:setup_logging:26 - Starting DriveLM Analysis Pipeline
2025-08-12 07:54:00.355 | INFO     | __main__:validate_data_path:97 - Using default data path: data/concatenated_data/concatenated_data.json
2025-08-12 07:54:00.518 | INFO     | __main__:run_dashboard_only:59 - Starting dashboard on port 8501...
2025-08-12 07:54:00.528 | INFO     | __main__:run_dashboard_only:73 - Running command: streamlit run /app/analysis/dashboard.py --server.port 8501 --server.address 0.0.0.0
